<?xml version="1.0" encoding="UTF-8"?>
<!-- Generated by org.testng.reporters.JUnitXMLReporter -->
<testsuite ignored="0" hostname="LAPTOP-FikileM" failures="0" tests="5" name="Surefire test" time="0.133" errors="0" timestamp="2021-11-24T22:47:42 SAST">
  <testcase classname="TestScript.ExecuteTests" name="CheckoutPage" time="0.054"/>
  <testcase classname="TestScript.ExecuteTests" name="ProductsPage" time="0.004"/>
  <testcase classname="TestScript.ExecuteTests" name="VerifyLandingPage" time="0.003"/>
  <testcase classname="TestScript.ExecuteTests" name="VerifyProductTitlePage" time="0.039"/>
  <testcase classname="TestScript.ExecuteTests" name="loginPage" time="0.004"/>
</testsuite> <!-- Surefire test -->
