<?xml version="1.0" encoding="UTF-8"?>
<testng-results ignored="0" total="5" passed="5" failed="0" skipped="0">
  <reporter-output>
  </reporter-output>
  <suite started-at="2021-11-24T22:47:42 SAST" name="Surefire suite" finished-at="2021-11-24T22:47:42 SAST" duration-ms="133">
    <groups>
    </groups>
    <test started-at="2021-11-24T22:47:42 SAST" name="Surefire test" finished-at="2021-11-24T22:47:42 SAST" duration-ms="133">
      <class name="TestScript.ExecuteTests">
        <test-method signature="CheckoutPage()[pri:0, instance:TestScript.ExecuteTests@5dda768f]" started-at="2021-11-24T22:47:42 SAST" name="CheckoutPage" finished-at="2021-11-24T22:47:42 SAST" duration-ms="54" status="PASS">
          <reporter-output>
          </reporter-output>
        </test-method> <!-- CheckoutPage -->
        <test-method signature="ProductsPage()[pri:0, instance:TestScript.ExecuteTests@5dda768f]" started-at="2021-11-24T22:47:42 SAST" name="ProductsPage" finished-at="2021-11-24T22:47:42 SAST" duration-ms="4" status="PASS">
          <reporter-output>
          </reporter-output>
        </test-method> <!-- ProductsPage -->
        <test-method signature="VerifyLandingPage()[pri:0, instance:TestScript.ExecuteTests@5dda768f]" started-at="2021-11-24T22:47:42 SAST" name="VerifyLandingPage" finished-at="2021-11-24T22:47:42 SAST" duration-ms="3" status="PASS">
          <reporter-output>
          </reporter-output>
        </test-method> <!-- VerifyLandingPage -->
        <test-method signature="VerifyProductTitlePage()[pri:0, instance:TestScript.ExecuteTests@5dda768f]" started-at="2021-11-24T22:47:42 SAST" name="VerifyProductTitlePage" finished-at="2021-11-24T22:47:42 SAST" duration-ms="39" status="PASS">
          <reporter-output>
          </reporter-output>
        </test-method> <!-- VerifyProductTitlePage -->
        <test-method signature="loginPage()[pri:0, instance:TestScript.ExecuteTests@5dda768f]" started-at="2021-11-24T22:47:42 SAST" name="loginPage" finished-at="2021-11-24T22:47:42 SAST" duration-ms="4" status="PASS">
          <reporter-output>
          </reporter-output>
        </test-method> <!-- loginPage -->
      </class> <!-- TestScript.ExecuteTests -->
    </test> <!-- Surefire test -->
  </suite> <!-- Surefire suite -->
</testng-results>
