<?xml version="1.0" encoding="UTF-8"?>
<testsuite xmlns:xsi="http://www.w3.org/2001/XMLSchema-instance" xsi:noNamespaceSchemaLocation="https://maven.apache.org/surefire/maven-surefire-plugin/xsd/surefire-test-report.xsd" name="TestScript.ExecuteTests" time="0.473" tests="5" errors="0" skipped="0" failures="0">
  <properties>
[...]
</properties>
  <testcase name="CheckoutPage" classname="TestScript.ExecuteTests" time="0.054"/>
  <testcase name="ProductsPage" classname="TestScript.ExecuteTests" time="0.003"/>
  <testcase name="VerifyLandingPage" classname="TestScript.ExecuteTests" time="0.004"/>
  <testcase name="VerifyProductTitlePage" classname="TestScript.ExecuteTests" time="0.04"/>
  <testcase name="loginPage" classname="TestScript.ExecuteTests" time="0.005"/>
</testsuite>