<?xml version="1.0" encoding="UTF-8"?>
<testng-results ignored="0" total="2" passed="2" failed="0" skipped="0">
  <reporter-output>
  </reporter-output>
  <suite started-at="2021-11-24T20:25:43 SAST" name="Default suite" finished-at="2021-11-24T20:25:43 SAST" duration-ms="114">
    <groups>
    </groups>
    <test started-at="2021-11-24T20:25:43 SAST" name="Default test" finished-at="2021-11-24T20:25:43 SAST" duration-ms="114">
      <class name="TestScript.ExecuteTests">
        <test-method signature="VerifyLandingPage()[pri:0, instance:TestScript.ExecuteTests@5f9b2141]" started-at="2021-11-24T20:25:43 SAST" name="VerifyLandingPage" finished-at="2021-11-24T20:25:43 SAST" duration-ms="59" status="PASS">
          <reporter-output>
          </reporter-output>
        </test-method> <!-- VerifyLandingPage -->
        <test-method signature="loginPage()[pri:0, instance:TestScript.ExecuteTests@5f9b2141]" started-at="2021-11-24T20:25:43 SAST" name="loginPage" finished-at="2021-11-24T20:25:43 SAST" duration-ms="10" status="PASS">
          <reporter-output>
          </reporter-output>
        </test-method> <!-- loginPage -->
      </class> <!-- TestScript.ExecuteTests -->
    </test> <!-- Default test -->
  </suite> <!-- Default suite -->
</testng-results>
